# JRE version: OpenJDK Runtime Environment Temurin-17.0.6+10 (17.0.6+10) (build 17.0.6+10)
# Java VM: OpenJDK 64-Bit Server VM Temurin-17.0.6+10 (17.0.6+10, mixed mode, sharing, tiered, compressed oops, compressed class ptrs, g1 gc, linux-amd64)
GC Precious Log:
 CPUs: 16 total, 16 available
 Memory: 31845M
 Large Page Support: Disabled
 NUMA Support: Disabled
 Compressed Oops: Enabled (Zero based)
 Heap Region Size: 4M
 Heap Min Capacity: 8M
 Heap Initial Capacity: 500M
 Heap Max Capacity: 7964M
 Pre-touch: Disabled
 Parallel Workers: 13
 Concurrent Workers: 3
 Concurrent Refinement Workers: 13
 Periodic GC: Disabled
Heap:
 garbage-first heap   total 110592K, used 19757K [0x000000060e400000, 0x0000000800000000)
  region size 4096K, 2 young (8192K), 1 survivors (4096K)
 Metaspace       used 21757K, committed 22016K, reserved 1073152K
  class space    used 1669K, committed 1792K, reserved 1048576K
GC Heap History (20 events):
Event: 2531.841 GC heap before
{Heap before GC invocations=584 (full 0):
 garbage-first heap   total 110592K, used 77100K [0x000000060e400000, 0x0000000800000000)
  region size 4096K, 16 young (65536K), 1 survivors (4096K)
 Metaspace       used 21732K, committed 22016K, reserved 1073152K
  class space    used 1666K, committed 1792K, reserved 1048576K
}
Event: 2531.842 GC heap after
{Heap after GC invocations=585 (full 0):
 garbage-first heap   total 110592K, used 19746K [0x000000060e400000, 0x0000000800000000)
  region size 4096K, 1 young (4096K), 1 survivors (4096K)
 Metaspace       used 21732K, committed 22016K, reserved 1073152K
  class space    used 1666K, committed 1792K, reserved 1048576K
}
Event: 2535.648 GC heap before
{Heap before GC invocations=585 (full 0):
 garbage-first heap   total 110592K, used 77090K [0x000000060e400000, 0x0000000800000000)
  region size 4096K, 16 young (65536K), 1 survivors (4096K)
 Metaspace       used 21732K, committed 22016K, reserved 1073152K
  class space    used 1666K, committed 1792K, reserved 1048576K
}
Event: 2535.648 GC heap after
{Heap after GC invocations=586 (full 0):
 garbage-first heap   total 110592K, used 19754K [0x000000060e400000, 0x0000000800000000)
  region size 4096K, 1 young (4096K), 1 survivors (4096K)
 Metaspace       used 21732K, committed 22016K, reserved 1073152K
  class space    used 1666K, committed 1792K, reserved 1048576K
}
Event: 2539.459 GC heap before
{Heap before GC invocations=586 (full 0):
 garbage-first heap   total 110592K, used 81194K [0x000000060e400000, 0x0000000800000000)
  region size 4096K, 16 young (65536K), 1 survivors (4096K)
 Metaspace       used 21732K, committed 22016K, reserved 1073152K
  class space    used 1666K, committed 1792K, reserved 1048576K
}
Event: 2539.460 GC heap after
{Heap after GC invocations=587 (full 0):
 garbage-first heap   total 110592K, used 19756K [0x000000060e400000, 0x0000000800000000)
  region size 4096K, 1 young (4096K), 1 survivors (4096K)
 Metaspace       used 21732K, committed 22016K, reserved 1073152K
  class space    used 1666K, committed 1792K, reserved 1048576K
}
Event: 2543.253 GC heap before
{Heap before GC invocations=587 (full 0):
 garbage-first heap   total 110592K, used 81196K [0x000000060e400000, 0x0000000800000000)
  region size 4096K, 16 young (65536K), 1 survivors (4096K)
 Metaspace       used 21732K, committed 22016K, reserved 1073152K
  class space    used 1666K, committed 1792K, reserved 1048576K
}
Event: 2543.254 GC heap after
{Heap after GC invocations=588 (full 0):
 garbage-first heap   total 110592K, used 19756K [0x000000060e400000, 0x0000000800000000)
  region size 4096K, 1 young (4096K), 1 survivors (4096K)
 Metaspace       used 21732K, committed 22016K, reserved 1073152K
  class space    used 1666K, committed 1792K, reserved 1048576K
}
Event: 2547.052 GC heap before
{Heap before GC invocations=588 (full 0):
 garbage-first heap   total 110592K, used 81196K [0x000000060e400000, 0x0000000800000000)
  region size 4096K, 16 young (65536K), 1 survivors (4096K)
 Metaspace       used 21732K, committed 22016K, reserved 1073152K
  class space    used 1666K, committed 1792K, reserved 1048576K
}
Event: 2547.053 GC heap after
{Heap after GC invocations=589 (full 0):
 garbage-first heap   total 110592K, used 19754K [0x000000060e400000, 0x0000000800000000)
  region size 4096K, 1 young (4096K), 1 survivors (4096K)
 Metaspace       used 21732K, committed 22016K, reserved 1073152K
  class space    used 1666K, committed 1792K, reserved 1048576K
}
Event: 2550.853 GC heap before
{Heap before GC invocations=589 (full 0):
 garbage-first heap   total 110592K, used 81194K [0x000000060e400000, 0x0000000800000000)
  region size 4096K, 16 young (65536K), 1 survivors (4096K)
 Metaspace       used 21732K, committed 22016K, reserved 1073152K
  class space    used 1666K, committed 1792K, reserved 1048576K
}
Event: 2550.854 GC heap after
{Heap after GC invocations=590 (full 0):
 garbage-first heap   total 110592K, used 19756K [0x000000060e400000, 0x0000000800000000)
  region size 4096K, 1 young (4096K), 1 survivors (4096K)
 Metaspace       used 21732K, committed 22016K, reserved 1073152K
  class space    used 1666K, committed 1792K, reserved 1048576K
}
Event: 2554.648 GC heap before
{Heap before GC invocations=590 (full 0):
 garbage-first heap   total 110592K, used 77100K [0x000000060e400000, 0x0000000800000000)
  region size 4096K, 16 young (65536K), 1 survivors (4096K)
 Metaspace       used 21732K, committed 22016K, reserved 1073152K
  class space    used 1666K, committed 1792K, reserved 1048576K
}
Event: 2554.649 GC heap after
{Heap after GC invocations=591 (full 0):
 garbage-first heap   total 110592K, used 19756K [0x000000060e400000, 0x0000000800000000)
  region size 4096K, 1 young (4096K), 1 survivors (4096K)
 Metaspace       used 21732K, committed 22016K, reserved 1073152K
  class space    used 1666K, committed 1792K, reserved 1048576K
}
Event: 2558.448 GC heap before
{Heap before GC invocations=591 (full 0):
 garbage-first heap   total 110592K, used 77100K [0x000000060e400000, 0x0000000800000000)
  region size 4096K, 16 young (65536K), 1 survivors (4096K)
 Metaspace       used 21732K, committed 22016K, reserved 1073152K
  class space    used 1666K, committed 1792K, reserved 1048576K
}
Event: 2558.448 GC heap after
{Heap after GC invocations=592 (full 0):
 garbage-first heap   total 110592K, used 19755K [0x000000060e400000, 0x0000000800000000)
  region size 4096K, 1 young (4096K), 1 survivors (4096K)
 Metaspace       used 21732K, committed 22016K, reserved 1073152K
  class space    used 1666K, committed 1792K, reserved 1048576K
}
Event: 2562.262 GC heap before
{Heap before GC invocations=592 (full 0):
 garbage-first heap   total 110592K, used 77099K [0x000000060e400000, 0x0000000800000000)
  region size 4096K, 16 young (65536K), 1 survivors (4096K)
 Metaspace       used 21732K, committed 22016K, reserved 1073152K
  class space    used 1666K, committed 1792K, reserved 1048576K
}
Event: 2562.263 GC heap after
{Heap after GC invocations=593 (full 0):
 garbage-first heap   total 110592K, used 19753K [0x000000060e400000, 0x0000000800000000)
  region size 4096K, 1 young (4096K), 1 survivors (4096K)
 Metaspace       used 21732K, committed 22016K, reserved 1073152K
  class space    used 1666K, committed 1792K, reserved 1048576K
}
Event: 2565.954 GC heap before
{Heap before GC invocations=593 (full 0):
 garbage-first heap   total 110592K, used 77097K [0x000000060e400000, 0x0000000800000000)
  region size 4096K, 17 young (69632K), 1 survivors (4096K)
 Metaspace       used 21744K, committed 22016K, reserved 1073152K
  class space    used 1668K, committed 1792K, reserved 1048576K
}
Event: 2565.954 GC heap after
{Heap after GC invocations=594 (full 0):
 garbage-first heap   total 110592K, used 19757K [0x000000060e400000, 0x0000000800000000)
  region size 4096K, 1 young (4096K), 1 survivors (4096K)
 Metaspace       used 21744K, committed 22016K, reserved 1073152K
  class space    used 1668K, committed 1792K, reserved 1048576K
}

